[0914/212355.753:ERROR:process_reader_win.cc(151)] SuspendThread: Access is denied. (0x5)
[0914/212355.761:ERROR:process_reader_win.cc(151)] SuspendThread: Access is denied. (0x5)
[0914/212355.762:ERROR:process_reader_win.cc(151)] SuspendThread: Access is denied. (0x5)
[0914/212355.762:ERROR:process_reader_win.cc(151)] SuspendThread: Access is denied. (0x5)
[0914/212355.762:ERROR:process_reader_win.cc(151)] SuspendThread: Access is denied. (0x5)
[0914/212355.762:ERROR:process_reader_win.cc(151)] SuspendThread: Access is denied. (0x5)
[0914/212355.762:ERROR:process_reader_win.cc(151)] SuspendThread: Access is denied. (0x5)
[0914/212355.762:ERROR:process_reader_win.cc(151)] SuspendThread: Access is denied. (0x5)
[0914/212355.763:ERROR:process_reader_win.cc(151)] SuspendThread: Access is denied. (0x5)
[0914/212355.763:ERROR:process_reader_win.cc(151)] SuspendThread: Access is denied. (0x5)
[0914/212355.763:ERROR:process_reader_win.cc(151)] SuspendThread: Access is denied. (0x5)
[0914/212355.763:ERROR:process_reader_win.cc(151)] SuspendThread: Access is denied. (0x5)
[0914/212355.763:ERROR:process_reader_win.cc(151)] SuspendThread: Access is denied. (0x5)
[0914/212355.763:ERROR:process_reader_win.cc(151)] SuspendThread: Access is denied. (0x5)
[0914/212355.763:ERROR:process_reader_win.cc(151)] SuspendThread: Access is denied. (0x5)
[0914/212355.763:ERROR:process_reader_win.cc(151)] SuspendThread: Access is denied. (0x5)
[0914/212355.763:ERROR:process_reader_win.cc(151)] SuspendThread: Access is denied. (0x5)
[0914/212355.763:ERROR:process_reader_win.cc(151)] SuspendThread: Access is denied. (0x5)
[0914/212355.763:ERROR:process_reader_win.cc(151)] SuspendThread: Access is denied. (0x5)
[0914/212355.763:ERROR:process_reader_win.cc(151)] SuspendThread: Access is denied. (0x5)
[0914/212355.763:ERROR:process_reader_win.cc(151)] SuspendThread: Access is denied. (0x5)
[0914/212355.764:ERROR:exception_snapshot_win.cc(99)] thread ID 2768 not found in process
[0914/212409.654:ERROR:process_memory_win.cc(73)] ReadMemory at 0x1774e6f0000 of 64 bytes failed: Only part of a ReadProcessMemory or WriteProcessMemory request was completed. (0x12B)
[0914/212409.658:WARNING:pe_image_reader.cc(340)] could not read dos header from C:\WINDOWS\System32\RPCRT4.dll
[0914/212409.659:ERROR:process_memory_win.cc(73)] ReadMemory at 0x1774e659530 of 72 bytes failed: Only part of a ReadProcessMemory or WriteProcessMemory request was completed. (0x12B)
[0914/212409.659:WARNING:pe_image_annotations_reader.cc(135)] could not read annotations list object in C:\Program Files (x86)\Google\Chrome\Application\85.0.4183.102\chrome_elf.dll
[0914/212409.659:ERROR:process_memory_win.cc(73)] ReadMemory at 0x1774e6595d0 of 72 bytes failed: Only part of a ReadProcessMemory or WriteProcessMemory request was completed. (0x12B)
[0914/212409.660:WARNING:pe_image_annotations_reader.cc(135)] could not read annotations list object in C:\Program Files (x86)\Google\Chrome\Application\85.0.4183.102\chrome.dll
[0914/212409.660:ERROR:process_memory_win.cc(73)] ReadMemory at 0x1774e830000 of 64 bytes failed: Only part of a ReadProcessMemory or WriteProcessMemory request was completed. (0x12B)
[0914/212409.660:WARNING:pe_image_reader.cc(340)] could not read dos header from C:\WINDOWS\System32\WINTRUST.dll
[0914/212409.660:ERROR:process_memory_win.cc(73)] ReadMemory at 0x1774e890000 of 64 bytes failed: Only part of a ReadProcessMemory or WriteProcessMemory request was completed. (0x12B)
[0914/212409.660:WARNING:pe_image_reader.cc(340)] could not read dos header from C:\WINDOWS\System32\bcrypt.dll
[0914/212409.660:ERROR:process_memory_win.cc(73)] ReadMemory at 0x1774e8c0000 of 64 bytes failed: Only part of a ReadProcessMemory or WriteProcessMemory request was completed. (0x12B)
[0914/212409.660:WARNING:pe_image_reader.cc(340)] could not read dos header from C:\WINDOWS\System32\NSI.dll
[0914/212409.670:ERROR:process_memory_win.cc(73)] ReadMemory at 0x1774e6f0000 of 64 bytes failed: Only part of a ReadProcessMemory or WriteProcessMemory request was completed. (0x12B)
[0914/212409.670:WARNING:pe_image_reader.cc(340)] could not read dos header from C:\WINDOWS\System32\RPCRT4.dll
[0914/212409.671:ERROR:process_memory_win.cc(73)] ReadMemory at 0x1774e659530 of 72 bytes failed: Only part of a ReadProcessMemory or WriteProcessMemory request was completed. (0x12B)
[0914/212409.671:WARNING:pe_image_annotations_reader.cc(135)] could not read annotations list object in C:\Program Files (x86)\Google\Chrome\Application\85.0.4183.102\chrome_elf.dll
[0914/212409.672:ERROR:process_memory_win.cc(73)] ReadMemory at 0x1774e6595d0 of 72 bytes failed: Only part of a ReadProcessMemory or WriteProcessMemory request was completed. (0x12B)
[0914/212409.672:WARNING:pe_image_annotations_reader.cc(135)] could not read annotations list object in C:\Program Files (x86)\Google\Chrome\Application\85.0.4183.102\chrome.dll
[0914/212409.672:ERROR:process_memory_win.cc(73)] ReadMemory at 0x1774e830000 of 64 bytes failed: Only part of a ReadProcessMemory or WriteProcessMemory request was completed. (0x12B)
[0914/212409.672:WARNING:pe_image_reader.cc(340)] could not read dos header from C:\WINDOWS\System32\WINTRUST.dll
[0914/212409.672:ERROR:process_memory_win.cc(73)] ReadMemory at 0x1774e890000 of 64 bytes failed: Only part of a ReadProcessMemory or WriteProcessMemory request was completed. (0x12B)
[0914/212409.672:WARNING:pe_image_reader.cc(340)] could not read dos header from C:\WINDOWS\System32\bcrypt.dll
[0914/212409.672:ERROR:process_memory_win.cc(73)] ReadMemory at 0x1774e8c0000 of 64 bytes failed: Only part of a ReadProcessMemory or WriteProcessMemory request was completed. (0x12B)
[0914/212409.672:WARNING:pe_image_reader.cc(340)] could not read dos header from C:\WINDOWS\System32\NSI.dll
[0914/212409.673:ERROR:process_memory_win.cc(73)] ReadMemory at 0x1774e6f0000 of 64 bytes failed: Only part of a ReadProcessMemory or WriteProcessMemory request was completed. (0x12B)
[0914/212409.673:WARNING:pe_image_reader.cc(340)] could not read dos header from C:\WINDOWS\System32\RPCRT4.dll
[0914/212409.674:ERROR:process_memory_win.cc(73)] ReadMemory at 0x1774e659530 of 72 bytes failed: Only part of a ReadProcessMemory or WriteProcessMemory request was completed. (0x12B)
[0914/212409.674:WARNING:pe_image_annotations_reader.cc(135)] could not read annotations list object in C:\Program Files (x86)\Google\Chrome\Application\85.0.4183.102\chrome_elf.dll
[0914/212409.674:ERROR:process_memory_win.cc(73)] ReadMemory at 0x1774e6595d0 of 72 bytes failed: Only part of a ReadProcessMemory or WriteProcessMemory request was completed. (0x12B)
[0914/212409.674:WARNING:pe_image_annotations_reader.cc(135)] could not read annotations list object in C:\Program Files (x86)\Google\Chrome\Application\85.0.4183.102\chrome.dll
[0914/212409.674:ERROR:process_memory_win.cc(73)] ReadMemory at 0x1774e830000 of 64 bytes failed: Only part of a ReadProcessMemory or WriteProcessMemory request was completed. (0x12B)
[0914/212409.674:WARNING:pe_image_reader.cc(340)] could not read dos header from C:\WINDOWS\System32\WINTRUST.dll
[0914/212409.674:ERROR:process_memory_win.cc(73)] ReadMemory at 0x1774e890000 of 64 bytes failed: Only part of a ReadProcessMemory or WriteProcessMemory request was completed. (0x12B)
[0914/212409.675:WARNING:pe_image_reader.cc(340)] could not read dos header from C:\WINDOWS\System32\bcrypt.dll
[0914/212409.675:ERROR:process_memory_win.cc(73)] ReadMemory at 0x1774e8c0000 of 64 bytes failed: Only part of a ReadProcessMemory or WriteProcessMemory request was completed. (0x12B)
[0914/212409.675:WARNING:pe_image_reader.cc(340)] could not read dos header from C:\WINDOWS\System32\NSI.dll
[0914/212409.738:ERROR:process_memory_win.cc(73)] ReadMemory at 0x6dd91ed000 of 77824 bytes failed: Only part of a ReadProcessMemory or WriteProcessMemory request was completed. (0x12B)
[0914/212409.739:ERROR:process_memory_win.cc(73)] ReadMemory at 0x6dd99fe000 of 8192 bytes failed: Only part of a ReadProcessMemory or WriteProcessMemory request was completed. (0x12B)
[0914/212409.739:ERROR:process_memory_win.cc(73)] ReadMemory at 0x6dda1fd000 of 12288 bytes failed: Only part of a ReadProcessMemory or WriteProcessMemory request was completed. (0x12B)
[0914/212409.739:ERROR:process_memory_win.cc(73)] ReadMemory at 0x6dda9fe000 of 8192 bytes failed: Only part of a ReadProcessMemory or WriteProcessMemory request was completed. (0x12B)
[0914/212409.739:ERROR:process_memory_win.cc(73)] ReadMemory at 0x6ddb1fe000 of 8192 bytes failed: Only part of a ReadProcessMemory or WriteProcessMemory request was completed. (0x12B)
[0914/212409.740:ERROR:process_memory_win.cc(73)] ReadMemory at 0x6ddb9fd000 of 12288 bytes failed: Only part of a ReadProcessMemory or WriteProcessMemory request was completed. (0x12B)
[0914/212409.740:ERROR:process_memory_win.cc(73)] ReadMemory at 0x6ddc1fd000 of 12288 bytes failed: Only part of a ReadProcessMemory or WriteProcessMemory request was completed. (0x12B)
[0914/212409.740:ERROR:process_memory_win.cc(73)] ReadMemory at 0x6ddc9fe000 of 8192 bytes failed: Only part of a ReadProcessMemory or WriteProcessMemory request was completed. (0x12B)
[0914/212409.741:ERROR:process_memory_win.cc(73)] ReadMemory at 0x6ddd1fe000 of 8192 bytes failed: Only part of a ReadProcessMemory or WriteProcessMemory request was completed. (0x12B)
[0914/212409.741:ERROR:process_memory_win.cc(73)] ReadMemory at 0x6ddd9fe000 of 8192 bytes failed: Only part of a ReadProcessMemory or WriteProcessMemory request was completed. (0x12B)
[0914/212409.741:ERROR:process_memory_win.cc(73)] ReadMemory at 0x6dde1fd000 of 12288 bytes failed: Only part of a ReadProcessMemory or WriteProcessMemory request was completed. (0x12B)
[0914/212409.741:ERROR:process_memory_win.cc(73)] ReadMemory at 0x6ddf1fc000 of 16384 bytes failed: Only part of a ReadProcessMemory or WriteProcessMemory request was completed. (0x12B)
[0914/212409.741:ERROR:process_memory_win.cc(73)] ReadMemory at 0x6ddf9fb000 of 20480 bytes failed: Only part of a ReadProcessMemory or WriteProcessMemory request was completed. (0x12B)
[0914/212409.742:ERROR:process_memory_win.cc(73)] ReadMemory at 0x6de01fe000 of 8192 bytes failed: Only part of a ReadProcessMemory or WriteProcessMemory request was completed. (0x12B)
[0914/212409.742:ERROR:process_memory_win.cc(73)] ReadMemory at 0x6de09fd000 of 12288 bytes failed: Only part of a ReadProcessMemory or WriteProcessMemory request was completed. (0x12B)
[0914/212409.742:ERROR:process_memory_win.cc(73)] ReadMemory at 0x6de11fb000 of 20480 bytes failed: Only part of a ReadProcessMemory or WriteProcessMemory request was completed. (0x12B)
[0914/212409.742:ERROR:process_memory_win.cc(73)] ReadMemory at 0x6de21fd000 of 12288 bytes failed: Only part of a ReadProcessMemory or WriteProcessMemory request was completed. (0x12B)
[0914/212409.742:ERROR:process_memory_win.cc(73)] ReadMemory at 0x6de29f6000 of 40960 bytes failed: Only part of a ReadProcessMemory or WriteProcessMemory request was completed. (0x12B)
[0914/212409.742:ERROR:process_memory_win.cc(73)] ReadMemory at 0x6de31f5000 of 45056 bytes failed: Only part of a ReadProcessMemory or WriteProcessMemory request was completed. (0x12B)
[0914/212409.743:ERROR:process_memory_win.cc(73)] ReadMemory at 0x6de39fc000 of 16384 bytes failed: Only part of a ReadProcessMemory or WriteProcessMemory request was completed. (0x12B)
[0914/212409.743:ERROR:process_memory_win.cc(73)] ReadMemory at 0x6de61fd000 of 12288 bytes failed: Only part of a ReadProcessMemory or WriteProcessMemory request was completed. (0x12B)
[0914/212409.743:ERROR:process_memory_win.cc(73)] ReadMemory at 0x6de19fd000 of 12288 bytes failed: Only part of a ReadProcessMemory or WriteProcessMemory request was completed. (0x12B)
[0914/212409.743:ERROR:process_memory_win.cc(73)] ReadMemory at 0x6de41fc000 of 16384 bytes failed: Only part of a ReadProcessMemory or WriteProcessMemory request was completed. (0x12B)
[0914/212409.743:ERROR:process_memory_win.cc(73)] ReadMemory at 0x6dde9fd000 of 12288 bytes failed: Only part of a ReadProcessMemory or WriteProcessMemory request was completed. (0x12B)
[0914/212409.743:ERROR:process_memory_win.cc(73)] ReadMemory at 0x6dd88de000 of 852 bytes failed: Only part of a ReadProcessMemory or WriteProcessMemory request was completed. (0x12B)
[0914/212409.743:ERROR:process_memory_win.cc(73)] ReadMemory at 0x6dd88df000 of 6024 bytes failed: Only part of a ReadProcessMemory or WriteProcessMemory request was completed. (0x12B)
[0914/212409.744:ERROR:process_memory_win.cc(73)] ReadMemory at 0x6dd88e1000 of 6024 bytes failed: Only part of a ReadProcessMemory or WriteProcessMemory request was completed. (0x12B)
[0914/212409.744:ERROR:process_memory_win.cc(73)] ReadMemory at 0x6dd88e3000 of 6024 bytes failed: Only part of a ReadProcessMemory or WriteProcessMemory request was completed. (0x12B)
[0914/212409.744:ERROR:process_memory_win.cc(73)] ReadMemory at 0x6dd88e5000 of 6024 bytes failed: Only part of a ReadProcessMemory or WriteProcessMemory request was completed. (0x12B)
[0914/212409.744:ERROR:process_memory_win.cc(73)] ReadMemory at 0x6dd88e7000 of 6024 bytes failed: Only part of a ReadProcessMemory or WriteProcessMemory request was completed. (0x12B)
[0914/212409.744:ERROR:process_memory_win.cc(73)] ReadMemory at 0x6dd88e9000 of 6024 bytes failed: Only part of a ReadProcessMemory or WriteProcessMemory request was completed. (0x12B)
[0914/212409.744:ERROR:process_memory_win.cc(73)] ReadMemory at 0x6dd88eb000 of 6024 bytes failed: Only part of a ReadProcessMemory or WriteProcessMemory request was completed. (0x12B)
[0914/212409.744:ERROR:process_memory_win.cc(73)] ReadMemory at 0x6dd88ed000 of 6024 bytes failed: Only part of a ReadProcessMemory or WriteProcessMemory request was completed. (0x12B)
[0914/212409.745:ERROR:process_memory_win.cc(73)] ReadMemory at 0x6dd88ef000 of 6024 bytes failed: Only part of a ReadProcessMemory or WriteProcessMemory request was completed. (0x12B)
[0914/212409.745:ERROR:process_memory_win.cc(73)] ReadMemory at 0x6dd88f1000 of 6024 bytes failed: Only part of a ReadProcessMemory or WriteProcessMemory request was completed. (0x12B)
[0914/212409.745:ERROR:process_memory_win.cc(73)] ReadMemory at 0x6dd88f3000 of 6024 bytes failed: Only part of a ReadProcessMemory or WriteProcessMemory request was completed. (0x12B)
[0914/212409.745:ERROR:process_memory_win.cc(73)] ReadMemory at 0x6dd88f7000 of 6024 bytes failed: Only part of a ReadProcessMemory or WriteProcessMemory request was completed. (0x12B)
[0914/212409.745:ERROR:process_memory_win.cc(73)] ReadMemory at 0x6dd88f9000 of 6024 bytes failed: Only part of a ReadProcessMemory or WriteProcessMemory request was completed. (0x12B)
[0914/212409.745:ERROR:process_memory_win.cc(73)] ReadMemory at 0x6dd88fb000 of 6024 bytes failed: Only part of a ReadProcessMemory or WriteProcessMemory request was completed. (0x12B)
[0914/212409.745:ERROR:process_memory_win.cc(73)] ReadMemory at 0x6dd88fd000 of 6024 bytes failed: Only part of a ReadProcessMemory or WriteProcessMemory request was completed. (0x12B)
[0914/212409.746:ERROR:process_memory_win.cc(73)] ReadMemory at 0x6dd88ff000 of 6024 bytes failed: Only part of a ReadProcessMemory or WriteProcessMemory request was completed. (0x12B)
[0914/212409.746:ERROR:process_memory_win.cc(73)] ReadMemory at 0x6dd8903000 of 6024 bytes failed: Only part of a ReadProcessMemory or WriteProcessMemory request was completed. (0x12B)
[0914/212409.746:ERROR:process_memory_win.cc(73)] ReadMemory at 0x6dd8905000 of 6024 bytes failed: Only part of a ReadProcessMemory or WriteProcessMemory request was completed. (0x12B)
[0914/212409.746:ERROR:process_memory_win.cc(73)] ReadMemory at 0x6dd8907000 of 6024 bytes failed: Only part of a ReadProcessMemory or WriteProcessMemory request was completed. (0x12B)
[0914/212409.746:ERROR:process_memory_win.cc(73)] ReadMemory at 0x6dd8909000 of 6024 bytes failed: Only part of a ReadProcessMemory or WriteProcessMemory request was completed. (0x12B)
[0914/212409.747:ERROR:process_memory_win.cc(73)] ReadMemory at 0x6dd8913000 of 6024 bytes failed: Only part of a ReadProcessMemory or WriteProcessMemory request was completed. (0x12B)
[0914/212409.747:ERROR:process_memory_win.cc(73)] ReadMemory at 0x6dd8915000 of 6024 bytes failed: Only part of a ReadProcessMemory or WriteProcessMemory request was completed. (0x12B)
[0914/212409.748:ERROR:process_memory_win.cc(73)] ReadMemory at 0x6dd893d000 of 6024 bytes failed: Only part of a ReadProcessMemory or WriteProcessMemory request was completed. (0x12B)
[0914/212409.749:ERROR:process_memory_win.cc(73)] ReadMemory at 0x6dd8943000 of 6024 bytes failed: Only part of a ReadProcessMemory or WriteProcessMemory request was completed. (0x12B)
[0914/212409.749:ERROR:process_memory_win.cc(73)] ReadMemory at 0x1774e501180 of 512 bytes failed: Only part of a ReadProcessMemory or WriteProcessMemory request was completed. (0x12B)
[0914/212409.749:ERROR:process_memory_win.cc(73)] ReadMemory at 0x1774e550000 of 384 bytes failed: Only part of a ReadProcessMemory or WriteProcessMemory request was completed. (0x12B)
[0914/212409.749:ERROR:process_memory_win.cc(73)] ReadMemory at 0x1774e551e40 of 448 bytes failed: Only part of a ReadProcessMemory or WriteProcessMemory request was completed. (0x12B)
[0914/212409.749:ERROR:process_memory_win.cc(73)] ReadMemory at 0x1774e5f0000 of 384 bytes failed: Only part of a ReadProcessMemory or WriteProcessMemory request was completed. (0x12B)
[0914/212409.749:ERROR:process_memory_win.cc(73)] ReadMemory at 0x1774e5f0750 of 66 bytes failed: Only part of a ReadProcessMemory or WriteProcessMemory request was completed. (0x12B)
[0914/212409.749:ERROR:process_memory_win.cc(73)] ReadMemory at 0x1774e5f0ad0 of 1016 bytes failed: Only part of a ReadProcessMemory or WriteProcessMemory request was completed. (0x12B)
[0914/212409.750:ERROR:process_memory_win.cc(73)] ReadMemory at 0x1774e5f0fe0 of 5578 bytes failed: Only part of a ReadProcessMemory or WriteProcessMemory request was completed. (0x12B)
[0914/212409.750:ERROR:process_memory_win.cc(73)] ReadMemory at 0x1774e5f25c0 of 1012 bytes failed: Only part of a ReadProcessMemory or WriteProcessMemory request was completed. (0x12B)
[0914/212409.750:ERROR:process_memory_win.cc(73)] ReadMemory at 0x1774e5f2c08 of 118 bytes failed: Only part of a ReadProcessMemory or WriteProcessMemory request was completed. (0x12B)
[0914/212409.750:ERROR:process_memory_win.cc(73)] ReadMemory at 0x1774e5f2c80 of 1112 bytes failed: Only part of a ReadProcessMemory or WriteProcessMemory request was completed. (0x12B)
[0914/212409.750:ERROR:process_memory_win.cc(73)] ReadMemory at 0x1774e5f30da of 118 bytes failed: Only part of a ReadProcessMemory or WriteProcessMemory request was completed. (0x12B)
[0914/212409.750:ERROR:process_memory_win.cc(73)] ReadMemory at 0x1774e5f3152 of 100 bytes failed: Only part of a ReadProcessMemory or WriteProcessMemory request was completed. (0x12B)
[0914/212409.750:ERROR:process_memory_win.cc(73)] ReadMemory at 0x1774e5f31d0 of 58 bytes failed: Only part of a ReadProcessMemory or WriteProcessMemory request was completed. (0x12B)
[0914/212409.751:ERROR:process_memory_win.cc(73)] ReadMemory at 0x1774e5f32d0 of 132 bytes failed: Only part of a ReadProcessMemory or WriteProcessMemory request was completed. (0x12B)
[0914/212409.751:ERROR:process_memory_win.cc(73)] ReadMemory at 0x1774e5f3460 of 132 bytes failed: Only part of a ReadProcessMemory or WriteProcessMemory request was completed. (0x12B)
[0914/212409.751:ERROR:process_memory_win.cc(73)] ReadMemory at 0x1774e5f3620 of 126 bytes failed: Only part of a ReadProcessMemory or WriteProcessMemory request was completed. (0x12B)
[0914/212409.751:ERROR:process_memory_win.cc(73)] ReadMemory at 0x1774e5f3a00 of 132 bytes failed: Only part of a ReadProcessMemory or WriteProcessMemory request was completed. (0x12B)
[0914/212409.751:ERROR:process_memory_win.cc(73)] ReadMemory at 0x1774e5f3b90 of 64 bytes failed: Only part of a ReadProcessMemory or WriteProcessMemory request was completed. (0x12B)
[0914/212409.751:ERROR:process_memory_win.cc(73)] ReadMemory at 0x1774e5f3cf0 of 132 bytes failed: Only part of a ReadProcessMemory or WriteProcessMemory request was completed. (0x12B)
[0914/212409.751:ERROR:process_memory_win.cc(73)] ReadMemory at 0x1774e5f3e80 of 62 bytes failed: Only part of a ReadProcessMemory or WriteProcessMemory request was completed. (0x12B)
[0914/212409.751:ERROR:process_memory_win.cc(73)] ReadMemory at 0x1774e5f3ff0 of 132 bytes failed: Only part of a ReadProcessMemory or WriteProcessMemory request was completed. (0x12B)
[0914/212409.752:ERROR:process_memory_win.cc(73)] ReadMemory at 0x1774e5f4180 of 68 bytes failed: Only part of a ReadProcessMemory or WriteProcessMemory request was completed. (0x12B)
[0914/212409.752:ERROR:process_memory_win.cc(73)] ReadMemory at 0x1774e5f5220 of 132 bytes failed: Only part of a ReadProcessMemory or WriteProcessMemory request was completed. (0x12B)
[0914/212409.752:ERROR:process_memory_win.cc(73)] ReadMemory at 0x1774e5f54c0 of 132 bytes failed: Only part of a ReadProcessMemory or WriteProcessMemory request was completed. (0x12B)
[0914/212409.752:ERROR:process_memory_win.cc(73)] ReadMemory at 0x1774e5f5760 of 132 bytes failed: Only part of a ReadProcessMemory or WriteProcessMemory request was completed. (0x12B)
[0914/212409.752:ERROR:process_memory_win.cc(73)] ReadMemory at 0x1774e5f58f0 of 58 bytes failed: Only part of a ReadProcessMemory or WriteProcessMemory request was completed. (0x12B)
[0914/212409.752:ERROR:process_memory_win.cc(73)] ReadMemory at 0x1774e5f5aa0 of 132 bytes failed: Only part of a ReadProcessMemory or WriteProcessMemory request was completed. (0x12B)
[0914/212409.752:ERROR:process_memory_win.cc(73)] ReadMemory at 0x1774e5f5d40 of 132 bytes failed: Only part of a ReadProcessMemory or WriteProcessMemory request was completed. (0x12B)
[0914/212409.752:ERROR:process_memory_win.cc(73)] ReadMemory at 0x1774e5f5fe0 of 132 bytes failed: Only part of a ReadProcessMemory or WriteProcessMemory request was completed. (0x12B)
[0914/212409.752:ERROR:process_memory_win.cc(73)] ReadMemory at 0x1774e5f6170 of 60 bytes failed: Only part of a ReadProcessMemory or WriteProcessMemory request was completed. (0x12B)
[0914/212409.752:ERROR:process_memory_win.cc(73)] ReadMemory at 0x1774e5f6410 of 132 bytes failed: Only part of a ReadProcessMemory or WriteProcessMemory request was completed. (0x12B)
[0914/212409.753:ERROR:process_memory_win.cc(73)] ReadMemory at 0x1774e5f65a0 of 60 bytes failed: Only part of a ReadProcessMemory or WriteProcessMemory request was completed. (0x12B)
[0914/212409.753:ERROR:process_memory_win.cc(73)] ReadMemory at 0x1774e5f6700 of 132 bytes failed: Only part of a ReadProcessMemory or WriteProcessMemory request was completed. (0x12B)
[0914/212409.753:ERROR:process_memory_win.cc(73)] ReadMemory at 0x1774e5f6890 of 58 bytes failed: Only part of a ReadProcessMemory or WriteProcessMemory request was completed. (0x12B)
[0914/212409.753:ERROR:process_memory_win.cc(73)] ReadMemory at 0x1774e5f6ac0 of 132 bytes failed: Only part of a ReadProcessMemory or WriteProcessMemory request was completed. (0x12B)
[0914/212409.753:ERROR:process_memory_win.cc(73)] ReadMemory at 0x1774e5f9350 of 132 bytes failed: Only part of a ReadProcessMemory or WriteProcessMemory request was completed. (0x12B)
[0914/212409.753:ERROR:process_memory_win.cc(73)] ReadMemory at 0x1774e5f9480 of 66 bytes failed: Only part of a ReadProcessMemory or WriteProcessMemory request was completed. (0x12B)
[0914/212409.753:ERROR:process_memory_win.cc(73)] ReadMemory at 0x1774e5f96c0 of 132 bytes failed: Only part of a ReadProcessMemory or WriteProcessMemory request was completed. (0x12B)
[0914/212409.753:ERROR:process_memory_win.cc(73)] ReadMemory at 0x1774e5f9840 of 78 bytes failed: Only part of a ReadProcessMemory or WriteProcessMemory request was completed. (0x12B)
[0914/212409.753:ERROR:process_memory_win.cc(73)] ReadMemory at 0x1774e5f9de0 of 80 bytes failed: Only part of a ReadProcessMemory or WriteProcessMemory request was completed. (0x12B)
[0914/212409.753:ERROR:process_memory_win.cc(73)] ReadMemory at 0x1774e5f9f00 of 76 bytes failed: Only part of a ReadProcessMemory or WriteProcessMemory request was completed. (0x12B)
[0914/212409.754:ERROR:process_memory_win.cc(73)] ReadMemory at 0x1774e5fa400 of 64 bytes failed: Only part of a ReadProcessMemory or WriteProcessMemory request was completed. (0x12B)
[0914/212409.754:ERROR:process_memory_win.cc(73)] ReadMemory at 0x1774e5faa20 of 132 bytes failed: Only part of a ReadProcessMemory or WriteProcessMemory request was completed. (0x12B)
[0914/212409.754:ERROR:process_memory_win.cc(73)] ReadMemory at 0x1774e5fab50 of 64 bytes failed: Only part of a ReadProcessMemory or WriteProcessMemory request was completed. (0x12B)
[0914/212409.754:ERROR:process_memory_win.cc(73)] ReadMemory at 0x1774e5fade0 of 132 bytes failed: Only part of a ReadProcessMemory or WriteProcessMemory request was completed. (0x12B)
[0914/212409.754:ERROR:process_memory_win.cc(73)] ReadMemory at 0x1774e5faf10 of 132 bytes failed: Only part of a ReadProcessMemory or WriteProcessMemory request was completed. (0x12B)
[0914/212409.754:ERROR:process_memory_win.cc(73)] ReadMemory at 0x1774e5fb040 of 132 bytes failed: Only part of a ReadProcessMemory or WriteProcessMemory request was completed. (0x12B)
[0914/212409.754:ERROR:process_memory_win.cc(73)] ReadMemory at 0x1774e5fb170 of 132 bytes failed: Only part of a ReadProcessMemory or WriteProcessMemory request was completed. (0x12B)
[0914/212409.754:ERROR:process_memory_win.cc(73)] ReadMemory at 0x1774e5fb2a0 of 132 bytes failed: Only part of a ReadProcessMemory or WriteProcessMemory request was completed. (0x12B)
[0914/212409.755:ERROR:process_memory_win.cc(73)] ReadMemory at 0x1774e5fb3d0 of 132 bytes failed: Only part of a ReadProcessMemory or WriteProcessMemory request was completed. (0x12B)
[0914/212409.755:ERROR:process_memory_win.cc(73)] ReadMemory at 0x1774e5fb500 of 132 bytes failed: Only part of a ReadProcessMemory or WriteProcessMemory request was completed. (0x12B)
[0914/212409.755:ERROR:process_memory_win.cc(73)] ReadMemory at 0x1774e5fb630 of 132 bytes failed: Only part of a ReadProcessMemory or WriteProcessMemory request was completed. (0x12B)
[0914/212409.755:ERROR:process_memory_win.cc(73)] ReadMemory at 0x1774e5fb760 of 132 bytes failed: Only part of a ReadProcessMemory or WriteProcessMemory request was completed. (0x12B)
[0914/212409.755:ERROR:process_memory_win.cc(73)] ReadMemory at 0x1774e5fb890 of 132 bytes failed: Only part of a ReadProcessMemory or WriteProcessMemory request was completed. (0x12B)
[0914/212409.755:ERROR:process_memory_win.cc(73)] ReadMemory at 0x1774e5fb9c0 of 132 bytes failed: Only part of a ReadProcessMemory or WriteProcessMemory request was completed. (0x12B)
[0914/212409.755:ERROR:process_memory_win.cc(73)] ReadMemory at 0x1774e5fbaf0 of 132 bytes failed: Only part of a ReadProcessMemory or WriteProcessMemory request was completed. (0x12B)
[0914/212409.755:ERROR:process_memory_win.cc(73)] ReadMemory at 0x1774e5fbc20 of 132 bytes failed: Only part of a ReadProcessMemory or WriteProcessMemory request was completed. (0x12B)
[0914/212409.755:ERROR:process_memory_win.cc(73)] ReadMemory at 0x1774e5fbda0 of 60 bytes failed: Only part of a ReadProcessMemory or WriteProcessMemory request was completed. (0x12B)
[0914/212409.756:ERROR:process_memory_win.cc(73)] ReadMemory at 0x1774e5fc010 of 62 bytes failed: Only part of a ReadProcessMemory or WriteProcessMemory request was completed. (0x12B)
[0914/212409.756:ERROR:process_memory_win.cc(73)] ReadMemory at 0x1774e5fc060 of 60 bytes failed: Only part of a ReadProcessMemory or WriteProcessMemory request was completed. (0x12B)
[0914/212409.756:ERROR:process_memory_win.cc(73)] ReadMemory at 0x1774e5fc0b0 of 58 bytes failed: Only part of a ReadProcessMemory or WriteProcessMemory request was completed. (0x12B)
[0914/212409.756:ERROR:process_memory_win.cc(73)] ReadMemory at 0x1774e5fc100 of 58 bytes failed: Only part of a ReadProcessMemory or WriteProcessMemory request was completed. (0x12B)
[0914/212409.756:ERROR:process_memory_win.cc(73)] ReadMemory at 0x1774e5fc150 of 64 bytes failed: Only part of a ReadProcessMemory or WriteProcessMemory request was completed. (0x12B)
[0914/212409.756:ERROR:process_memory_win.cc(73)] ReadMemory at 0x1774e5fc1a0 of 60 bytes failed: Only part of a ReadProcessMemory or WriteProcessMemory request was completed. (0x12B)
[0914/212409.757:ERROR:process_memory_win.cc(73)] ReadMemory at 0x1774e5fc1f0 of 62 bytes failed: Only part of a ReadProcessMemory or WriteProcessMemory request was completed. (0x12B)
[0914/212409.757:ERROR:process_memory_win.cc(73)] ReadMemory at 0x1774e5fc240 of 60 bytes failed: Only part of a ReadProcessMemory or WriteProcessMemory request was completed. (0x12B)
[0914/212409.757:ERROR:process_memory_win.cc(73)] ReadMemory at 0x1774e5fc290 of 62 bytes failed: Only part of a ReadProcessMemory or WriteProcessMemory request was completed. (0x12B)
[0914/212409.757:ERROR:process_memory_win.cc(73)] ReadMemory at 0x1774e5fc2e0 of 64 bytes failed: Only part of a ReadProcessMemory or WriteProcessMemory request was completed. (0x12B)
[0914/212409.757:ERROR:process_memory_win.cc(73)] ReadMemory at 0x1774e5fc330 of 62 bytes failed: Only part of a ReadProcessMemory or WriteProcessMemory request was completed. (0x12B)
[0914/212409.759:ERROR:process_memory_win.cc(73)] ReadMemory at 0x1774e5fc380 of 60 bytes failed: Only part of a ReadProcessMemory or WriteProcessMemory request was completed. (0x12B)
[0914/212409.759:ERROR:process_memory_win.cc(73)] ReadMemory at 0x1774e5fc420 of 64 bytes failed: Only part of a ReadProcessMemory or WriteProcessMemory request was completed. (0x12B)
[0914/212409.759:ERROR:process_memory_win.cc(73)] ReadMemory at 0x1774e5fc470 of 62 bytes failed: Only part of a ReadProcessMemory or WriteProcessMemory request was completed. (0x12B)
[0914/212409.759:ERROR:process_memory_win.cc(73)] ReadMemory at 0x1774e5fc4c0 of 62 bytes failed: Only part of a ReadProcessMemory or WriteProcessMemory request was completed. (0x12B)
[0914/212409.760:ERROR:process_memory_win.cc(73)] ReadMemory at 0x1774e5fc650 of 62 bytes failed: Only part of a ReadProcessMemory or WriteProcessMemory request was completed. (0x12B)
[0914/212409.760:ERROR:process_memory_win.cc(73)] ReadMemory at 0x1774e5fc6a0 of 62 bytes failed: Only part of a ReadProcessMemory or WriteProcessMemory request was completed. (0x12B)
[0914/212409.760:ERROR:process_memory_win.cc(73)] ReadMemory at 0x1774e5fc6f0 of 62 bytes failed: Only part of a ReadProcessMemory or WriteProcessMemory request was completed. (0x12B)
[0914/212409.760:ERROR:process_memory_win.cc(73)] ReadMemory at 0x1774e5fc740 of 64 bytes failed: Only part of a ReadProcessMemory or WriteProcessMemory request was completed. (0x12B)
[0914/212409.760:ERROR:process_memory_win.cc(73)] ReadMemory at 0x1774e5fd410 of 512 bytes failed: Only part of a ReadProcessMemory or WriteProcessMemory request was completed. (0x12B)
[0914/212409.760:ERROR:process_memory_win.cc(73)] ReadMemory at 0x1774e5fec20 of 132 bytes failed: Only part of a ReadProcessMemory or WriteProcessMemory request was completed. (0x12B)
[0914/212409.760:ERROR:process_memory_win.cc(73)] ReadMemory at 0x1774e5fee80 of 132 bytes failed: Only part of a ReadProcessMemory or WriteProcessMemory request was completed. (0x12B)
[0914/212409.761:ERROR:process_memory_win.cc(73)] ReadMemory at 0x1774e5fefb0 of 132 bytes failed: Only part of a ReadProcessMemory or WriteProcessMemory request was completed. (0x12B)
[0914/212409.761:ERROR:process_memory_win.cc(73)] ReadMemory at 0x1774e5ff0e0 of 132 bytes failed: Only part of a ReadProcessMemory or WriteProcessMemory request was completed. (0x12B)
[0914/212409.761:ERROR:process_memory_win.cc(73)] ReadMemory at 0x1774e5ff210 of 132 bytes failed: Only part of a ReadProcessMemory or WriteProcessMemory request was completed. (0x12B)
[0914/212409.761:ERROR:process_memory_win.cc(73)] ReadMemory at 0x1774e5ff340 of 132 bytes failed: Only part of a ReadProcessMemory or WriteProcessMemory request was completed. (0x12B)
[0914/212409.761:ERROR:process_memory_win.cc(73)] ReadMemory at 0x1774e5ff470 of 132 bytes failed: Only part of a ReadProcessMemory or WriteProcessMemory request was completed. (0x12B)
[0914/212409.761:ERROR:process_memory_win.cc(73)] ReadMemory at 0x1774e5ff5a0 of 132 bytes failed: Only part of a ReadProcessMemory or WriteProcessMemory request was completed. (0x12B)
[0914/212409.761:ERROR:process_memory_win.cc(73)] ReadMemory at 0x1774e5ff6d0 of 132 bytes failed: Only part of a ReadProcessMemory or WriteProcessMemory request was completed. (0x12B)
[0914/212409.762:ERROR:process_memory_win.cc(73)] ReadMemory at 0x1774e5ff800 of 132 bytes failed: Only part of a ReadProcessMemory or WriteProcessMemory request was completed. (0x12B)
[0914/212409.762:ERROR:process_memory_win.cc(73)] ReadMemory at 0x1774e5ff930 of 132 bytes failed: Only part of a ReadProcessMemory or WriteProcessMemory request was completed. (0x12B)
[0914/212409.762:ERROR:process_memory_win.cc(73)] ReadMemory at 0x1774e5ffa60 of 132 bytes failed: Only part of a ReadProcessMemory or WriteProcessMemory request was completed. (0x12B)
[0914/212409.762:ERROR:process_memory_win.cc(73)] ReadMemory at 0x1774e5ffb90 of 132 bytes failed: Only part of a ReadProcessMemory or WriteProcessMemory request was completed. (0x12B)
[0914/212409.762:ERROR:process_memory_win.cc(73)] ReadMemory at 0x1774e5ffcc0 of 132 bytes failed: Only part of a ReadProcessMemory or WriteProcessMemory request was completed. (0x12B)
[0914/212409.762:ERROR:process_memory_win.cc(73)] ReadMemory at 0x1774e5ffdf0 of 132 bytes failed: Only part of a ReadProcessMemory or WriteProcessMemory request was completed. (0x12B)
[0914/212409.762:ERROR:process_memory_win.cc(73)] ReadMemory at 0x1774e5fff20 of 132 bytes failed: Only part of a ReadProcessMemory or WriteProcessMemory request was completed. (0x12B)
[0914/212409.763:ERROR:process_memory_win.cc(73)] ReadMemory at 0x1774e600180 of 132 bytes failed: Only part of a ReadProcessMemory or WriteProcessMemory request was completed. (0x12B)
[0914/212409.763:ERROR:process_memory_win.cc(73)] ReadMemory at 0x1774e6002b0 of 132 bytes failed: Only part of a ReadProcessMemory or WriteProcessMemory request was completed. (0x12B)
[0914/212409.763:ERROR:process_memory_win.cc(73)] ReadMemory at 0x1774e6003e0 of 132 bytes failed: Only part of a ReadProcessMemory or WriteProcessMemory request was completed. (0x12B)
[0914/212409.763:ERROR:process_memory_win.cc(73)] ReadMemory at 0x1774e600510 of 132 bytes failed: Only part of a ReadProcessMemory or WriteProcessMemory request was completed. (0x12B)
[0914/212409.763:ERROR:process_memory_win.cc(73)] ReadMemory at 0x1774e600640 of 132 bytes failed: Only part of a ReadProcessMemory or WriteProcessMemory request was completed. (0x12B)
[0914/212409.763:ERROR:process_memory_win.cc(73)] ReadMemory at 0x1774e600770 of 132 bytes failed: Only part of a ReadProcessMemory or WriteProcessMemory request was completed. (0x12B)
[0914/212409.763:ERROR:process_memory_win.cc(73)] ReadMemory at 0x1774e6008a0 of 132 bytes failed: Only part of a ReadProcessMemory or WriteProcessMemory request was completed. (0x12B)
[0914/212409.763:ERROR:process_memory_win.cc(73)] ReadMemory at 0x1774e6009d0 of 132 bytes failed: Only part of a ReadProcessMemory or WriteProcessMemory request was completed. (0x12B)
[0914/212409.763:ERROR:process_memory_win.cc(73)] ReadMemory at 0x1774e604200 of 54 bytes failed: Only part of a ReadProcessMemory or WriteProcessMemory request was completed. (0x12B)
[0914/212409.764:ERROR:process_memory_win.cc(73)] ReadMemory at 0x1774e604300 of 154 bytes failed: Only part of a ReadProcessMemory or WriteProcessMemory request was completed. (0x12B)
[0914/212409.764:ERROR:process_memory_win.cc(73)] ReadMemory at 0x1774e6065d0 of 58 bytes failed: Only part of a ReadProcessMemory or WriteProcessMemory request was completed. (0x12B)
[0914/212409.764:ERROR:process_memory_win.cc(73)] ReadMemory at 0x1774e623110 of 80 bytes failed: Only part of a ReadProcessMemory or WriteProcessMemory request was completed. (0x12B)
[0914/212409.764:ERROR:process_memory_win.cc(73)] ReadMemory at 0x1774e63a120 of 62 bytes failed: Only part of a ReadProcessMemory or WriteProcessMemory request was completed. (0x12B)
[0914/212409.764:ERROR:process_memory_win.cc(73)] ReadMemory at 0x1774e64dba0 of 192 bytes failed: Only part of a ReadProcessMemory or WriteProcessMemory request was completed. (0x12B)
[0914/212409.764:ERROR:process_memory_win.cc(73)] ReadMemory at 0x1774e64e700 of 186 bytes failed: Only part of a ReadProcessMemory or WriteProcessMemory request was completed. (0x12B)
[0914/212409.764:ERROR:process_memory_win.cc(73)] ReadMemory at 0x1774e659760 of 60 bytes failed: Only part of a ReadProcessMemory or WriteProcessMemory request was completed. (0x12B)
[0914/212409.764:ERROR:process_memory_win.cc(73)] ReadMemory at 0x1774e659850 of 64 bytes failed: Only part of a ReadProcessMemory or WriteProcessMemory request was completed. (0x12B)
[0914/212409.765:ERROR:process_memory_win.cc(73)] ReadMemory at 0x1774e6598a0 of 58 bytes failed: Only part of a ReadProcessMemory or WriteProcessMemory request was completed. (0x12B)
[0914/212409.765:ERROR:process_memory_win.cc(73)] ReadMemory at 0x1774e6598f0 of 60 bytes failed: Only part of a ReadProcessMemory or WriteProcessMemory request was completed. (0x12B)
[0914/212409.765:ERROR:process_memory_win.cc(73)] ReadMemory at 0x1774e659940 of 62 bytes failed: Only part of a ReadProcessMemory or WriteProcessMemory request was completed. (0x12B)
[0914/212409.765:ERROR:process_memory_win.cc(73)] ReadMemory at 0x1774e659990 of 60 bytes failed: Only part of a ReadProcessMemory or WriteProcessMemory request was completed. (0x12B)
[0914/212409.765:ERROR:process_memory_win.cc(73)] ReadMemory at 0x1774e6599e0 of 62 bytes failed: Only part of a ReadProcessMemory or WriteProcessMemory request was completed. (0x12B)
[0914/212409.765:ERROR:process_memory_win.cc(73)] ReadMemory at 0x1774e659a30 of 64 bytes failed: Only part of a ReadProcessMemory or WriteProcessMemory request was completed. (0x12B)
[0914/212409.765:ERROR:process_memory_win.cc(73)] ReadMemory at 0x1774e659b20 of 66 bytes failed: Only part of a ReadProcessMemory or WriteProcessMemory request was completed. (0x12B)
[0914/212409.765:ERROR:process_memory_win.cc(73)] ReadMemory at 0x1774e659b70 of 62 bytes failed: Only part of a ReadProcessMemory or WriteProcessMemory request was completed. (0x12B)
[0914/212409.765:ERROR:process_memory_win.cc(73)] ReadMemory at 0x1774e659c60 of 64 bytes failed: Only part of a ReadProcessMemory or WriteProcessMemory request was completed. (0x12B)
[0914/212409.765:ERROR:process_memory_win.cc(73)] ReadMemory at 0x1774e659cb0 of 64 bytes failed: Only part of a ReadProcessMemory or WriteProcessMemory request was completed. (0x12B)
[0914/212409.766:ERROR:process_memory_win.cc(73)] ReadMemory at 0x1774e666720 of 146 bytes failed: Only part of a ReadProcessMemory or WriteProcessMemory request was completed. (0x12B)
[0914/212409.766:ERROR:process_memory_win.cc(73)] ReadMemory at 0x1774e668490 of 170 bytes failed: Only part of a ReadProcessMemory or WriteProcessMemory request was completed. (0x12B)
[0914/212409.766:ERROR:process_memory_win.cc(73)] ReadMemory at 0x1774e668550 of 172 bytes failed: Only part of a ReadProcessMemory or WriteProcessMemory request was completed. (0x12B)
[0914/212409.767:ERROR:process_memory_win.cc(73)] ReadMemory at 0x1774e668a90 of 180 bytes failed: Only part of a ReadProcessMemory or WriteProcessMemory request was completed. (0x12B)
[0914/212409.768:ERROR:process_memory_win.cc(73)] ReadMemory at 0x1774e66acf0 of 512 bytes failed: Only part of a ReadProcessMemory or WriteProcessMemory request was completed. (0x12B)
[0914/212409.768:ERROR:process_memory_win.cc(73)] ReadMemory at 0x1774e680170 of 62 bytes failed: Only part of a ReadProcessMemory or WriteProcessMemory request was completed. (0x12B)
[0914/212409.768:ERROR:process_memory_win.cc(73)] ReadMemory at 0x1774e686750 of 54 bytes failed: Only part of a ReadProcessMemory or WriteProcessMemory request was completed. (0x12B)
[0914/212409.768:ERROR:process_memory_win.cc(73)] ReadMemory at 0x1774e6cc5b0 of 512 bytes failed: Only part of a ReadProcessMemory or WriteProcessMemory request was completed. (0x12B)
[0914/212409.768:ERROR:process_memory_win.cc(73)] ReadMemory at 0x1774e6de6a0 of 512 bytes failed: Only part of a ReadProcessMemory or WriteProcessMemory request was completed. (0x12B)
[0914/212409.769:ERROR:process_memory_win.cc(73)] ReadMemory at 0x1774e6e71e0 of 132 bytes failed: Only part of a ReadProcessMemory or WriteProcessMemory request was completed. (0x12B)
[0914/212409.769:ERROR:process_memory_win.cc(73)] ReadMemory at 0x1774e6e7440 of 132 bytes failed: Only part of a ReadProcessMemory or WriteProcessMemory request was completed. (0x12B)
[0914/212409.769:ERROR:process_memory_win.cc(73)] ReadMemory at 0x1774e6e77d0 of 132 bytes failed: Only part of a ReadProcessMemory or WriteProcessMemory request was completed. (0x12B)
[0914/212409.769:ERROR:process_memory_win.cc(73)] ReadMemory at 0x1774e6e8020 of 132 bytes failed: Only part of a ReadProcessMemory or WriteProcessMemory request was completed. (0x12B)
[0914/212409.769:ERROR:process_memory_win.cc(73)] ReadMemory at 0x1774e6e8150 of 132 bytes failed: Only part of a ReadProcessMemory or WriteProcessMemory request was completed. (0x12B)
[0914/212409.769:ERROR:process_memory_win.cc(73)] ReadMemory at 0x1774e6e84e0 of 132 bytes failed: Only part of a ReadProcessMemory or WriteProcessMemory request was completed. (0x12B)
[0914/212409.769:ERROR:process_memory_win.cc(73)] ReadMemory at 0x1774e6e8740 of 132 bytes failed: Only part of a ReadProcessMemory or WriteProcessMemory request was completed. (0x12B)
[0914/212409.769:ERROR:process_memory_win.cc(73)] ReadMemory at 0x1774e970000 of 384 bytes failed: Only part of a ReadProcessMemory or WriteProcessMemory request was completed. (0x12B)
[0914/212409.770:ERROR:process_memory_win.cc(73)] ReadMemory at 0x1774e97bf00 of 512 bytes failed: Only part of a ReadProcessMemory or WriteProcessMemory request was completed. (0x12B)
[0914/212409.770:ERROR:process_memory_win.cc(73)] ReadMemory at 0x1774ef1b510 of 512 bytes failed: Only part of a ReadProcessMemory or WriteProcessMemory request was completed. (0x12B)
[0914/212409.770:ERROR:process_memory_win.cc(73)] ReadMemory at 0x1774ef22118 of 512 bytes failed: Only part of a ReadProcessMemory or WriteProcessMemory request was completed. (0x12B)
[0914/212409.770:ERROR:process_memory_win.cc(73)] ReadMemory at 0x1774ef42fe0 of 512 bytes failed: Only part of a ReadProcessMemory or WriteProcessMemory request was completed. (0x12B)
[0914/212409.770:ERROR:process_memory_win.cc(73)] ReadMemory at 0x1774ef495a0 of 512 bytes failed: Only part of a ReadProcessMemory or WriteProcessMemory request was completed. (0x12B)
[0914/212409.770:ERROR:process_memory_win.cc(73)] ReadMemory at 0x1774ef4bff0 of 512 bytes failed: Only part of a ReadProcessMemory or WriteProcessMemory request was completed. (0x12B)
[0914/212409.770:ERROR:process_memory_win.cc(73)] ReadMemory at 0x1774ef4c5b0 of 712 bytes failed: Only part of a ReadProcessMemory or WriteProcessMemory request was completed. (0x12B)
[0914/212409.770:ERROR:process_memory_win.cc(73)] ReadMemory at 0x1774ef71580 of 512 bytes failed: Only part of a ReadProcessMemory or WriteProcessMemory request was completed. (0x12B)
[0914/212409.770:ERROR:process_memory_win.cc(73)] ReadMemory at 0x1774ef98fc0 of 512 bytes failed: Only part of a ReadProcessMemory or WriteProcessMemory request was completed. (0x12B)
[0914/212409.771:ERROR:process_memory_win.cc(73)] ReadMemory at 0x177503b3b42 of 512 bytes failed: Only part of a ReadProcessMemory or WriteProcessMemory request was completed. (0x12B)
[0914/212409.771:ERROR:process_memory_win.cc(73)] ReadMemory at 0x17750744e40 of 512 bytes failed: Only part of a ReadProcessMemory or WriteProcessMemory request was completed. (0x12B)
[0914/212409.771:ERROR:process_memory_win.cc(73)] ReadMemory at 0x17750745f40 of 512 bytes failed: Only part of a ReadProcessMemory or WriteProcessMemory request was completed. (0x12B)
[0914/212409.771:ERROR:process_memory_win.cc(73)] ReadMemory at 0x177508fd7b0 of 512 bytes failed: Only part of a ReadProcessMemory or WriteProcessMemory request was completed. (0x12B)
[0914/212409.771:ERROR:process_memory_win.cc(73)] ReadMemory at 0x177508fdb30 of 512 bytes failed: Only part of a ReadProcessMemory or WriteProcessMemory request was completed. (0x12B)
[0914/212409.771:ERROR:process_memory_win.cc(73)] ReadMemory at 0x177509663a8 of 512 bytes failed: Only part of a ReadProcessMemory or WriteProcessMemory request was completed. (0x12B)
[0914/212409.771:ERROR:process_memory_win.cc(73)] ReadMemory at 0x17751bab0b0 of 548 bytes failed: Only part of a ReadProcessMemory or WriteProcessMemory request was completed. (0x12B)
[0914/212409.771:ERROR:process_memory_win.cc(73)] ReadMemory at 0x17751c8d9f8 of 512 bytes failed: Only part of a ReadProcessMemory or WriteProcessMemory request was completed. (0x12B)
[0914/212409.771:ERROR:process_memory_win.cc(73)] ReadMemory at 0x17751da56b0 of 512 bytes failed: Only part of a ReadProcessMemory or WriteProcessMemory request was completed. (0x12B)
[0914/212409.772:ERROR:process_memory_win.cc(73)] ReadMemory at 0x17751eed860 of 512 bytes failed: Only part of a ReadProcessMemory or WriteProcessMemory request was completed. (0x12B)
[0914/212409.772:ERROR:process_memory_win.cc(73)] ReadMemory at 0x17751f2449e of 512 bytes failed: Only part of a ReadProcessMemory or WriteProcessMemory request was completed. (0x12B)
[0914/212409.772:ERROR:process_memory_win.cc(73)] ReadMemory at 0x177534f9e60 of 528 bytes failed: Only part of a ReadProcessMemory or WriteProcessMemory request was completed. (0x12B)
[0914/212409.787:ERROR:scoped_process_suspend.cc(40)] NtResumeProcess: An attempt was made to access an exiting process. (0xc000010a)
